f:\download\iocp\iocp-master\iocp_server\tcp_client\debug\iocpevent.obj
f:\download\iocp\iocp-master\iocp_server\tcp_client\debug\vc120.pdb
f:\download\iocp\iocp-master\iocp_server\tcp_client\debug\iocp.obj
f:\download\iocp\iocp-master\iocp_server\tcp_client\debug\iocpdef.obj
f:\download\iocp\iocp-master\iocp_server\tcp_client\debug\iohandler.obj
f:\download\iocp\iocp-master\iocp_server\tcp_client\debug\memorypool.obj
f:\download\iocp\iocp-master\iocp_server\tcp_client\debug\sockaddr.obj
f:\download\iocp\iocp-master\iocp_server\tcp_client\debug\messageblock.obj
f:\download\iocp\iocp-master\iocp_server\tcp_client\debug\publicmsg.obj
f:\download\iocp\iocp-master\iocp_server\tcp_client\debug\vc120.idb
f:\download\iocp\iocp-master\iocp_server\tcp_client\debug\tcp_client_main.obj
f:\download\iocp\iocp-master\iocp_server\tcp_client\debug\socket.obj
f:\download\iocp\iocp-master\iocp_server\tcp_client\debug\stream.obj
f:\download\iocp\iocp-master\iocp_server\tcp_client\debug\thread.obj
f:\iocp\iocp_server\tcp_client\debug\vc120.pdb
f:\iocp\iocp_server\tcp_client\debug\vc120.idb
f:\iocp\iocp_server\tcp_client\debug\iocp.obj
f:\iocp\iocp_server\tcp_client\debug\iocpdef.obj
f:\iocp\iocp_server\tcp_client\debug\iocpevent.obj
f:\iocp\iocp_server\tcp_client\debug\iohandler.obj
f:\iocp\iocp_server\tcp_client\debug\memorypool.obj
f:\iocp\iocp_server\tcp_client\debug\messageblock.obj
f:\iocp\iocp_server\tcp_client\debug\publicmsg.obj
f:\iocp\iocp_server\tcp_client\debug\sockaddr.obj
f:\iocp\iocp_server\tcp_client\debug\socket.obj
f:\iocp\iocp_server\tcp_client\debug\stream.obj
f:\iocp\iocp_server\tcp_client\debug\thread.obj
f:\iocp\iocp_server\tcp_client\debug\tcp_client_main.obj
f:\download\iocp\iocp-master\iocp_server\debug\tcp_client.ilk
f:\download\iocp\iocp-master\iocp_server\debug\tcp_client.exe
f:\download\iocp\iocp-master\iocp_server\debug\tcp_client.pdb
f:\iocp\iocp_server\debug\tcp_client.ilk
f:\iocp\iocp_server\debug\tcp_client.exe
f:\iocp\iocp_server\debug\tcp_client.pdb
f:\iocp\iocp_server\tcp_client\debug\vc120_ib_1.idb
f:\iocp\iocp_server\tcp_client\debug\vc120_ib_2.idb
f:\iocp\iocp_server\tcp_client\debug\vc120_ib_3.idb
f:\iocp\iocp_server\tcp_client\debug\vc120_ib_4.idb
f:\iocp\iocp_server\tcp_client\debug\vc120_ib_1.pdb
f:\iocp\iocp_server\tcp_client\debug\vc120_ib_2.pdb
f:\iocp\iocp_server\tcp_client\debug\vc120_ib_3.pdb
f:\iocp\iocp_server\tcp_client\debug\vc120_ib_4.pdb
f:\iocp\iocp_server\tcp_client\debug\tcp_client.tlog\cl.command.1.tlog
f:\iocp\iocp_server\tcp_client\debug\tcp_client.tlog\cl.read.1.tlog
f:\iocp\iocp_server\tcp_client\debug\tcp_client.tlog\cl.write.1.tlog
f:\iocp\iocp_server\tcp_client\debug\tcp_client.tlog\link.command.1.tlog
f:\iocp\iocp_server\tcp_client\debug\tcp_client.tlog\link.read.1.tlog
f:\iocp\iocp_server\tcp_client\debug\tcp_client.tlog\link.write.1.tlog
