f:\download\iocp\iocp-master\iocp_server\t1\debug\vc120.pdb
f:\download\iocp\iocp-master\iocp_server\t1\debug\vc120.idb
f:\download\iocp\iocp-master\iocp_server\t1\debug\class.obj
f:\download\iocp\iocp-master\iocp_server\t1\debug\file.obj
f:\download\iocp\iocp-master\iocp_server\t1\debug\main.obj
f:\iocp\iocp_server\t1\debug\vc120.pdb
f:\iocp\iocp_server\t1\debug\vc120.idb
f:\iocp\iocp_server\t1\debug\class.obj
f:\iocp\iocp_server\t1\debug\main.obj
f:\iocp\iocp_server\t1\debug\file.obj
f:\iocp\iocp_server\t1\debug\func.obj
f:\iocp\iocp_server\t1\debug\line.obj
f:\iocp\iocp_server\t1\debug\classmanager.obj
f:\download\iocp\iocp-master\iocp_server\debug\t1.ilk
f:\download\iocp\iocp-master\iocp_server\debug\t1.exe
f:\download\iocp\iocp-master\iocp_server\debug\t1.pdb
f:\iocp\iocp_server\debug\t1.ilk
f:\iocp\iocp_server\debug\t1.exe
f:\iocp\iocp_server\debug\t1.pdb
f:\iocp\iocp_server\t1\debug\t1.tlog\cl.command.1.tlog
f:\iocp\iocp_server\t1\debug\t1.tlog\cl.read.1.tlog
f:\iocp\iocp_server\t1\debug\t1.tlog\cl.write.1.tlog
f:\iocp\iocp_server\t1\debug\t1.tlog\link.command.1.tlog
f:\iocp\iocp_server\t1\debug\t1.tlog\link.read.1.tlog
f:\iocp\iocp_server\t1\debug\t1.tlog\link.write.1.tlog
