f:\iocp\iocp_server\iocp_server\debug\iocpdef.obj
f:\iocp\iocp_server\iocp_server\debug\vc120.pdb
f:\iocp\iocp_server\iocp_server\debug\vc120.idb
f:\iocp\iocp_server\iocp_server\debug\iocpevent.obj
f:\iocp\iocp_server\iocp_server\debug\iocp.obj
f:\iocp\iocp_server\iocp_server\debug\iocp_server_main.obj
f:\iocp\iocp_server\iocp_server\debug\publicmsg.obj
f:\iocp\iocp_server\iocp_server\debug\stream.obj
f:\iocp\iocp_server\iocp_server\debug\socket.obj
f:\iocp\iocp_server\iocp_server\debug\iohandler.obj
f:\iocp\iocp_server\iocp_server\debug\memorypool.obj
f:\iocp\iocp_server\iocp_server\debug\messageblock.obj
f:\iocp\iocp_server\iocp_server\debug\sockaddr.obj
f:\iocp\iocp_server\iocp_server\debug\thread.obj
f:\iocp\iocp_server\iocp_server\debug\vc120_ib_1.idb
f:\iocp\iocp_server\iocp_server\debug\vc120_ib_2.idb
f:\iocp\iocp_server\iocp_server\debug\vc120_ib_3.idb
f:\iocp\iocp_server\iocp_server\debug\vc120_ib_4.idb
f:\iocp\iocp_server\iocp_server\debug\vc120_ib_7.idb
f:\iocp\iocp_server\iocp_server\debug\vc120_ib_8.idb
f:\iocp\iocp_server\iocp_server\debug\vc120_ib_1.pdb
f:\iocp\iocp_server\iocp_server\debug\vc120_ib_2.pdb
f:\iocp\iocp_server\iocp_server\debug\vc120_ib_3.pdb
f:\iocp\iocp_server\iocp_server\debug\vc120_ib_4.pdb
f:\iocp\iocp_server\iocp_server\debug\vc120_ib_7.pdb
f:\iocp\iocp_server\iocp_server\debug\vc120_ib_8.pdb
f:\iocp\iocp_server\debug\iocp_server.pdb
f:\iocp\iocp_server\debug\iocp_server.exe
f:\iocp\iocp_server\debug\iocp_server.ilk
f:\iocp\iocp_server\iocp_server\debug\iocp_server.tlog\cl.command.1.tlog
f:\iocp\iocp_server\iocp_server\debug\iocp_server.tlog\cl.read.1.tlog
f:\iocp\iocp_server\iocp_server\debug\iocp_server.tlog\cl.write.1.tlog
f:\iocp\iocp_server\iocp_server\debug\iocp_server.tlog\link.command.1.tlog
f:\iocp\iocp_server\iocp_server\debug\iocp_server.tlog\link.read.1.tlog
f:\iocp\iocp_server\iocp_server\debug\iocp_server.tlog\link.write.1.tlog
